# JRE version: OpenJDK Runtime Environment (8.0_152-b01) (build 1.8.0_152-release-915-b01)
# Java VM: OpenJDK 64-Bit Server VM (25.152-b01 mixed mode windows-amd64 compressed oops)
Heap:
 PSYoungGen      total 386560K, used 119322K [0x00000000e0000000, 0x00000000f8f80000, 0x0000000100000000)
  eden space 364032K, 29% used [0x00000000e0000000,0x00000000e681e9b0,0x00000000f6380000)
  from space 22528K, 56% used [0x00000000f6380000,0x00000000f6fe8058,0x00000000f7980000)
  to   space 21504K, 0% used [0x00000000f7a80000,0x00000000f7a80000,0x00000000f8f80000)
 ParOldGen       total 285184K, used 106483K [0x00000000a0000000, 0x00000000b1680000, 0x00000000e0000000)
  object space 285184K, 37% used [0x00000000a0000000,0x00000000a67fcc00,0x00000000b1680000)
 Metaspace       used 93348K, capacity 103670K, committed 104064K, reserved 1138688K
  class space    used 11735K, capacity 14330K, committed 14464K, reserved 1048576K
GC Heap History (10 events):
Event: 8913.967 GC heap before
{Heap before GC invocations=95 (full 4):
 PSYoungGen      total 379904K, used 369822K [0x00000000e0000000, 0x00000000f8b80000, 0x0000000100000000)
  eden space 357888K, 100% used [0x00000000e0000000,0x00000000f5d80000,0x00000000f5d80000)
  from space 22016K, 54% used [0x00000000f7600000,0x00000000f81a7b08,0x00000000f8b80000)
  to   space 23552K, 0% used [0x00000000f5d80000,0x00000000f5d80000,0x00000000f7480000)
 ParOldGen       total 285184K, used 103719K [0x00000000a0000000, 0x00000000b1680000, 0x00000000e0000000)
  object space 285184K, 36% used [0x00000000a0000000,0x00000000a6549fe0,0x00000000b1680000)
 Metaspace       used 93041K, capacity 103068K, committed 103424K, reserved 1138688K
  class space    used 11698K, capacity 14204K, committed 14336K, reserved 1048576K
Event: 8913.977 GC heap after
Heap after GC invocations=95 (full 4):
 PSYoungGen      total 381440K, used 7200K [0x00000000e0000000, 0x00000000f8f80000, 0x0000000100000000)
  eden space 357888K, 0% used [0x00000000e0000000,0x00000000e0000000,0x00000000f5d80000)
  from space 23552K, 30% used [0x00000000f5d80000,0x00000000f6488298,0x00000000f7480000)
  to   space 24064K, 0% used [0x00000000f7800000,0x00000000f7800000,0x00000000f8f80000)
 ParOldGen       total 285184K, used 105915K [0x00000000a0000000, 0x00000000b1680000, 0x00000000e0000000)
  object space 285184K, 37% used [0x00000000a0000000,0x00000000a676ed58,0x00000000b1680000)
 Metaspace       used 93041K, capacity 103068K, committed 103424K, reserved 1138688K
  class space    used 11698K, capacity 14204K, committed 14336K, reserved 1048576K
}
Event: 8920.436 GC heap before
{Heap before GC invocations=96 (full 4):
 PSYoungGen      total 381440K, used 365088K [0x00000000e0000000, 0x00000000f8f80000, 0x0000000100000000)
  eden space 357888K, 100% used [0x00000000e0000000,0x00000000f5d80000,0x00000000f5d80000)
  from space 23552K, 30% used [0x00000000f5d80000,0x00000000f6488298,0x00000000f7480000)
  to   space 24064K, 0% used [0x00000000f7800000,0x00000000f7800000,0x00000000f8f80000)
 ParOldGen       total 285184K, used 105915K [0x00000000a0000000, 0x00000000b1680000, 0x00000000e0000000)
  object space 285184K, 37% used [0x00000000a0000000,0x00000000a676ed58,0x00000000b1680000)
 Metaspace       used 93072K, capacity 103068K, committed 103424K, reserved 1138688K
  class space    used 11698K, capacity 14204K, committed 14336K, reserved 1048576K
Event: 8920.451 GC heap after
Heap after GC invocations=96 (full 4):
 PSYoungGen      total 385536K, used 15339K [0x00000000e0000000, 0x00000000f8f80000, 0x0000000100000000)
  eden space 361472K, 0% used [0x00000000e0000000,0x00000000e0000000,0x00000000f6100000)
  from space 24064K, 63% used [0x00000000f7800000,0x00000000f86fac90,0x00000000f8f80000)
  to   space 23552K, 0% used [0x00000000f6100000,0x00000000f6100000,0x00000000f7800000)
 ParOldGen       total 285184K, used 105979K [0x00000000a0000000, 0x00000000b1680000, 0x00000000e0000000)
  object space 285184K, 37% used [0x00000000a0000000,0x00000000a677ed58,0x00000000b1680000)
 Metaspace       used 93072K, capacity 103068K, committed 103424K, reserved 1138688K
  class space    used 11698K, capacity 14204K, committed 14336K, reserved 1048576K
}
Event: 9014.898 GC heap before
{Heap before GC invocations=97 (full 4):
 PSYoungGen      total 385536K, used 376811K [0x00000000e0000000, 0x00000000f8f80000, 0x0000000100000000)
  eden space 361472K, 100% used [0x00000000e0000000,0x00000000f6100000,0x00000000f6100000)
  from space 24064K, 63% used [0x00000000f7800000,0x00000000f86fac90,0x00000000f8f80000)
  to   space 23552K, 0% used [0x00000000f6100000,0x00000000f6100000,0x00000000f7800000)
 ParOldGen       total 285184K, used 105979K [0x00000000a0000000, 0x00000000b1680000, 0x00000000e0000000)
  object space 285184K, 37% used [0x00000000a0000000,0x00000000a677ed58,0x00000000b1680000)
 Metaspace       used 93162K, capacity 103252K, committed 103424K, reserved 1138688K
  class space    used 11709K, capacity 14244K, committed 14336K, reserved 1048576K
Event: 9014.911 GC heap after
Heap after GC invocations=97 (full 4):
 PSYoungGen      total 385024K, used 13368K [0x00000000e0000000, 0x00000000f9100000, 0x0000000100000000)
  eden space 361472K, 0% used [0x00000000e0000000,0x00000000e0000000,0x00000000f6100000)
  from space 23552K, 56% used [0x00000000f6100000,0x00000000f6e0e258,0x00000000f7800000)
  to   space 23040K, 0% used [0x00000000f7a80000,0x00000000f7a80000,0x00000000f9100000)
 ParOldGen       total 285184K, used 106106K [0x00000000a0000000, 0x00000000b1680000, 0x00000000e0000000)
  object space 285184K, 37% used [0x00000000a0000000,0x00000000a679eb68,0x00000000b1680000)
 Metaspace       used 93162K, capacity 103252K, committed 103424K, reserved 1138688K
  class space    used 11709K, capacity 14244K, committed 14336K, reserved 1048576K
}
Event: 9168.337 GC heap before
{Heap before GC invocations=98 (full 4):
 PSYoungGen      total 385024K, used 374840K [0x00000000e0000000, 0x00000000f9100000, 0x0000000100000000)
  eden space 361472K, 100% used [0x00000000e0000000,0x00000000f6100000,0x00000000f6100000)
  from space 23552K, 56% used [0x00000000f6100000,0x00000000f6e0e258,0x00000000f7800000)
  to   space 23040K, 0% used [0x00000000f7a80000,0x00000000f7a80000,0x00000000f9100000)
 ParOldGen       total 285184K, used 106106K [0x00000000a0000000, 0x00000000b1680000, 0x00000000e0000000)
  object space 285184K, 37% used [0x00000000a0000000,0x00000000a679eb68,0x00000000b1680000)
 Metaspace       used 93231K, capacity 103440K, committed 103680K, reserved 1138688K
  class space    used 11720K, capacity 14284K, committed 14336K, reserved 1048576K
Event: 9168.350 GC heap after
Heap after GC invocations=98 (full 4):
 PSYoungGen      total 385536K, used 12496K [0x00000000e0000000, 0x00000000f8f80000, 0x0000000100000000)
  eden space 364032K, 0% used [0x00000000e0000000,0x00000000e0000000,0x00000000f6380000)
  from space 21504K, 58% used [0x00000000f7a80000,0x00000000f86b4058,0x00000000f8f80000)
  to   space 22528K, 0% used [0x00000000f6380000,0x00000000f6380000,0x00000000f7980000)
 ParOldGen       total 285184K, used 106266K [0x00000000a0000000, 0x00000000b1680000, 0x00000000e0000000)
  object space 285184K, 37% used [0x00000000a0000000,0x00000000a67c6bf0,0x00000000b1680000)
 Metaspace       used 93231K, capacity 103440K, committed 103680K, reserved 1138688K
  class space    used 11720K, capacity 14284K, committed 14336K, reserved 1048576K
}
Event: 9400.634 GC heap before
{Heap before GC invocations=99 (full 4):
 PSYoungGen      total 385536K, used 376528K [0x00000000e0000000, 0x00000000f8f80000, 0x0000000100000000)
  eden space 364032K, 100% used [0x00000000e0000000,0x00000000f6380000,0x00000000f6380000)
  from space 21504K, 58% used [0x00000000f7a80000,0x00000000f86b4058,0x00000000f8f80000)
  to   space 22528K, 0% used [0x00000000f6380000,0x00000000f6380000,0x00000000f7980000)
 ParOldGen       total 285184K, used 106266K [0x00000000a0000000, 0x00000000b1680000, 0x00000000e0000000)
  object space 285184K, 37% used [0x00000000a0000000,0x00000000a67c6bf0,0x00000000b1680000)
 Metaspace       used 93326K, capacity 103656K, committed 103808K, reserved 1138688K
  class space    used 11734K, capacity 14328K, committed 14464K, reserved 1048576K
Event: 9400.647 GC heap after
Heap after GC invocations=99 (full 4):
 PSYoungGen      total 386560K, used 12704K [0x00000000e0000000, 0x00000000f8f80000, 0x0000000100000000)
  eden space 364032K, 0% used [0x00000000e0000000,0x00000000e0000000,0x00000000f6380000)
  from space 22528K, 56% used [0x00000000f6380000,0x00000000f6fe8058,0x00000000f7980000)
  to   space 21504K, 0% used [0x00000000f7a80000,0x00000000f7a80000,0x00000000f8f80000)
 ParOldGen       total 285184K, used 106483K [0x00000000a0000000, 0x00000000b1680000, 0x00000000e0000000)
  object space 285184K, 37% used [0x00000000a0000000,0x00000000a67fcc00,0x00000000b1680000)
 Metaspace       used 93326K, capacity 103656K, committed 103808K, reserved 1138688K
  class space    used 11734K, capacity 14328K, committed 14464K, reserved 1048576K
}

